<?xml version="1.0" encoding="UTF-8"?>
<testsuite xmlns:xsi="http://www.w3.org/2001/XMLSchema-instance" xsi:noNamespaceSchemaLocation="https://maven.apache.org/surefire/maven-surefire-plugin/xsd/surefire-test-report.xsd" name="com.guaning.newlangs.NewlangsSpringbootApplicationTests" time="7.709" tests="1" errors="0" skipped="0" failures="0">
  <properties>
    <property name="java.specification.version" value="17"/>
    <property name="sun.cpu.isalist" value="amd64"/>
    <property name="sun.jnu.encoding" value="GBK"/>
    <property name="java.class.path" value="C:\Users\Guaning\Desktop\newlangs-4\newlangs-springboot\target\test-classes;C:\Users\Guaning\Desktop\newlangs-4\newlangs-springboot\target\classes;C:\apache-maven-3.8.7\mvn_response\org\springframework\boot\spring-boot-starter\2.7.6\spring-boot-starter-2.7.6.jar;C:\apache-maven-3.8.7\mvn_response\org\springframework\boot\spring-boot\2.7.6\spring-boot-2.7.6.jar;C:\apache-maven-3.8.7\mvn_response\org\springframework\spring-context\5.3.24\spring-context-5.3.24.jar;C:\apache-maven-3.8.7\mvn_response\org\springframework\boot\spring-boot-autoconfigure\2.7.6\spring-boot-autoconfigure-2.7.6.jar;C:\apache-maven-3.8.7\mvn_response\org\springframework\boot\spring-boot-starter-logging\2.7.6\spring-boot-starter-logging-2.7.6.jar;C:\apache-maven-3.8.7\mvn_response\ch\qos\logback\logback-classic\1.2.11\logback-classic-1.2.11.jar;C:\apache-maven-3.8.7\mvn_response\ch\qos\logback\logback-core\1.2.11\logback-core-1.2.11.jar;C:\apache-maven-3.8.7\mvn_response\org\apache\logging\log4j\log4j-to-slf4j\2.17.2\log4j-to-slf4j-2.17.2.jar;C:\apache-maven-3.8.7\mvn_response\org\apache\logging\log4j\log4j-api\2.17.2\log4j-api-2.17.2.jar;C:\apache-maven-3.8.7\mvn_response\org\slf4j\jul-to-slf4j\1.7.36\jul-to-slf4j-1.7.36.jar;C:\apache-maven-3.8.7\mvn_response\jakarta\annotation\jakarta.annotation-api\1.3.5\jakarta.annotation-api-1.3.5.jar;C:\apache-maven-3.8.7\mvn_response\org\springframework\spring-core\5.3.24\spring-core-5.3.24.jar;C:\apache-maven-3.8.7\mvn_response\org\springframework\spring-jcl\5.3.24\spring-jcl-5.3.24.jar;C:\apache-maven-3.8.7\mvn_response\org\yaml\snakeyaml\1.30\snakeyaml-1.30.jar;C:\apache-maven-3.8.7\mvn_response\org\springframework\boot\spring-boot-starter-web\2.7.6\spring-boot-starter-web-2.7.6.jar;C:\apache-maven-3.8.7\mvn_response\org\springframework\boot\spring-boot-starter-json\2.7.6\spring-boot-starter-json-2.7.6.jar;C:\apache-maven-3.8.7\mvn_response\com\fasterxml\jackson\core\jackson-databind\2.13.4.2\jackson-databind-2.13.4.2.jar;C:\apache-maven-3.8.7\mvn_response\com\fasterxml\jackson\core\jackson-annotations\2.13.4\jackson-annotations-2.13.4.jar;C:\apache-maven-3.8.7\mvn_response\com\fasterxml\jackson\core\jackson-core\2.13.4\jackson-core-2.13.4.jar;C:\apache-maven-3.8.7\mvn_response\com\fasterxml\jackson\datatype\jackson-datatype-jdk8\2.13.4\jackson-datatype-jdk8-2.13.4.jar;C:\apache-maven-3.8.7\mvn_response\com\fasterxml\jackson\datatype\jackson-datatype-jsr310\2.13.4\jackson-datatype-jsr310-2.13.4.jar;C:\apache-maven-3.8.7\mvn_response\com\fasterxml\jackson\module\jackson-module-parameter-names\2.13.4\jackson-module-parameter-names-2.13.4.jar;C:\apache-maven-3.8.7\mvn_response\org\springframework\boot\spring-boot-starter-tomcat\2.7.6\spring-boot-starter-tomcat-2.7.6.jar;C:\apache-maven-3.8.7\mvn_response\org\apache\tomcat\embed\tomcat-embed-core\9.0.69\tomcat-embed-core-9.0.69.jar;C:\apache-maven-3.8.7\mvn_response\org\apache\tomcat\embed\tomcat-embed-el\9.0.69\tomcat-embed-el-9.0.69.jar;C:\apache-maven-3.8.7\mvn_response\org\apache\tomcat\embed\tomcat-embed-websocket\9.0.69\tomcat-embed-websocket-9.0.69.jar;C:\apache-maven-3.8.7\mvn_response\org\springframework\spring-web\5.3.24\spring-web-5.3.24.jar;C:\apache-maven-3.8.7\mvn_response\org\springframework\spring-beans\5.3.24\spring-beans-5.3.24.jar;C:\apache-maven-3.8.7\mvn_response\org\springframework\spring-webmvc\5.3.24\spring-webmvc-5.3.24.jar;C:\apache-maven-3.8.7\mvn_response\org\springframework\spring-aop\5.3.24\spring-aop-5.3.24.jar;C:\apache-maven-3.8.7\mvn_response\org\springframework\spring-expression\5.3.24\spring-expression-5.3.24.jar;C:\apache-maven-3.8.7\mvn_response\org\springframework\boot\spring-boot-starter-test\2.7.6\spring-boot-starter-test-2.7.6.jar;C:\apache-maven-3.8.7\mvn_response\org\springframework\boot\spring-boot-test\2.7.6\spring-boot-test-2.7.6.jar;C:\apache-maven-3.8.7\mvn_response\org\springframework\boot\spring-boot-test-autoconfigure\2.7.6\spring-boot-test-autoconfigure-2.7.6.jar;C:\apache-maven-3.8.7\mvn_response\com\jayway\jsonpath\json-path\2.7.0\json-path-2.7.0.jar;C:\apache-maven-3.8.7\mvn_response\net\minidev\json-smart\2.4.8\json-smart-2.4.8.jar;C:\apache-maven-3.8.7\mvn_response\net\minidev\accessors-smart\2.4.8\accessors-smart-2.4.8.jar;C:\apache-maven-3.8.7\mvn_response\org\ow2\asm\asm\9.1\asm-9.1.jar;C:\apache-maven-3.8.7\mvn_response\jakarta\xml\bind\jakarta.xml.bind-api\2.3.3\jakarta.xml.bind-api-2.3.3.jar;C:\apache-maven-3.8.7\mvn_response\jakarta\activation\jakarta.activation-api\1.2.2\jakarta.activation-api-1.2.2.jar;C:\apache-maven-3.8.7\mvn_response\org\assertj\assertj-core\3.22.0\assertj-core-3.22.0.jar;C:\apache-maven-3.8.7\mvn_response\org\hamcrest\hamcrest\2.2\hamcrest-2.2.jar;C:\apache-maven-3.8.7\mvn_response\org\junit\jupiter\junit-jupiter\5.8.2\junit-jupiter-5.8.2.jar;C:\apache-maven-3.8.7\mvn_response\org\junit\jupiter\junit-jupiter-api\5.8.2\junit-jupiter-api-5.8.2.jar;C:\apache-maven-3.8.7\mvn_response\org\opentest4j\opentest4j\1.2.0\opentest4j-1.2.0.jar;C:\apache-maven-3.8.7\mvn_response\org\junit\platform\junit-platform-commons\1.8.2\junit-platform-commons-1.8.2.jar;C:\apache-maven-3.8.7\mvn_response\org\apiguardian\apiguardian-api\1.1.2\apiguardian-api-1.1.2.jar;C:\apache-maven-3.8.7\mvn_response\org\junit\jupiter\junit-jupiter-params\5.8.2\junit-jupiter-params-5.8.2.jar;C:\apache-maven-3.8.7\mvn_response\org\junit\jupiter\junit-jupiter-engine\5.8.2\junit-jupiter-engine-5.8.2.jar;C:\apache-maven-3.8.7\mvn_response\org\junit\platform\junit-platform-engine\1.8.2\junit-platform-engine-1.8.2.jar;C:\apache-maven-3.8.7\mvn_response\org\mockito\mockito-core\4.5.1\mockito-core-4.5.1.jar;C:\apache-maven-3.8.7\mvn_response\net\bytebuddy\byte-buddy\1.12.19\byte-buddy-1.12.19.jar;C:\apache-maven-3.8.7\mvn_response\net\bytebuddy\byte-buddy-agent\1.12.19\byte-buddy-agent-1.12.19.jar;C:\apache-maven-3.8.7\mvn_response\org\objenesis\objenesis\3.2\objenesis-3.2.jar;C:\apache-maven-3.8.7\mvn_response\org\mockito\mockito-junit-jupiter\4.5.1\mockito-junit-jupiter-4.5.1.jar;C:\apache-maven-3.8.7\mvn_response\org\skyscreamer\jsonassert\1.5.1\jsonassert-1.5.1.jar;C:\apache-maven-3.8.7\mvn_response\com\vaadin\external\google\android-json\0.0.20131108.vaadin1\android-json-0.0.20131108.vaadin1.jar;C:\apache-maven-3.8.7\mvn_response\org\springframework\spring-test\5.3.24\spring-test-5.3.24.jar;C:\apache-maven-3.8.7\mvn_response\org\xmlunit\xmlunit-core\2.9.0\xmlunit-core-2.9.0.jar;C:\apache-maven-3.8.7\mvn_response\com\baomidou\mybatis-plus-boot-starter\3.5.3.1\mybatis-plus-boot-starter-3.5.3.1.jar;C:\apache-maven-3.8.7\mvn_response\com\baomidou\mybatis-plus\3.5.3.1\mybatis-plus-3.5.3.1.jar;C:\apache-maven-3.8.7\mvn_response\com\baomidou\mybatis-plus-extension\3.5.3.1\mybatis-plus-extension-3.5.3.1.jar;C:\apache-maven-3.8.7\mvn_response\com\baomidou\mybatis-plus-core\3.5.3.1\mybatis-plus-core-3.5.3.1.jar;C:\apache-maven-3.8.7\mvn_response\com\baomidou\mybatis-plus-annotation\3.5.3.1\mybatis-plus-annotation-3.5.3.1.jar;C:\apache-maven-3.8.7\mvn_response\com\github\jsqlparser\jsqlparser\4.4\jsqlparser-4.4.jar;C:\apache-maven-3.8.7\mvn_response\org\mybatis\mybatis\3.5.10\mybatis-3.5.10.jar;C:\apache-maven-3.8.7\mvn_response\org\mybatis\mybatis-spring\2.0.7\mybatis-spring-2.0.7.jar;C:\apache-maven-3.8.7\mvn_response\org\springframework\boot\spring-boot-starter-jdbc\2.7.6\spring-boot-starter-jdbc-2.7.6.jar;C:\apache-maven-3.8.7\mvn_response\com\zaxxer\HikariCP\4.0.3\HikariCP-4.0.3.jar;C:\apache-maven-3.8.7\mvn_response\org\springframework\spring-jdbc\5.3.24\spring-jdbc-5.3.24.jar;C:\apache-maven-3.8.7\mvn_response\mysql\mysql-connector-java\8.0.28\mysql-connector-java-8.0.28.jar;C:\apache-maven-3.8.7\mvn_response\com\alibaba\druid-spring-boot-starter\1.2.16\druid-spring-boot-starter-1.2.16.jar;C:\apache-maven-3.8.7\mvn_response\com\alibaba\druid\1.2.16\druid-1.2.16.jar;C:\apache-maven-3.8.7\mvn_response\org\slf4j\slf4j-api\1.7.36\slf4j-api-1.7.36.jar;C:\apache-maven-3.8.7\mvn_response\org\projectlombok\lombok\1.18.26\lombok-1.18.26.jar;C:\apache-maven-3.8.7\mvn_response\cn\hutool\hutool-all\5.8.15\hutool-all-5.8.15.jar;C:\apache-maven-3.8.7\mvn_response\com\sun\mail\javax.mail\1.6.2\javax.mail-1.6.2.jar;C:\apache-maven-3.8.7\mvn_response\javax\activation\activation\1.1\activation-1.1.jar;C:\apache-maven-3.8.7\mvn_response\org\springframework\boot\spring-boot-starter-data-redis\2.7.6\spring-boot-starter-data-redis-2.7.6.jar;C:\apache-maven-3.8.7\mvn_response\org\springframework\data\spring-data-redis\2.7.6\spring-data-redis-2.7.6.jar;C:\apache-maven-3.8.7\mvn_response\org\springframework\data\spring-data-keyvalue\2.7.6\spring-data-keyvalue-2.7.6.jar;C:\apache-maven-3.8.7\mvn_response\org\springframework\data\spring-data-commons\2.7.6\spring-data-commons-2.7.6.jar;C:\apache-maven-3.8.7\mvn_response\org\springframework\spring-tx\5.3.24\spring-tx-5.3.24.jar;C:\apache-maven-3.8.7\mvn_response\org\springframework\spring-oxm\5.3.24\spring-oxm-5.3.24.jar;C:\apache-maven-3.8.7\mvn_response\org\springframework\spring-context-support\5.3.24\spring-context-support-5.3.24.jar;C:\apache-maven-3.8.7\mvn_response\io\lettuce\lettuce-core\6.1.10.RELEASE\lettuce-core-6.1.10.RELEASE.jar;C:\apache-maven-3.8.7\mvn_response\io\netty\netty-common\4.1.85.Final\netty-common-4.1.85.Final.jar;C:\apache-maven-3.8.7\mvn_response\io\netty\netty-handler\4.1.85.Final\netty-handler-4.1.85.Final.jar;C:\apache-maven-3.8.7\mvn_response\io\netty\netty-resolver\4.1.85.Final\netty-resolver-4.1.85.Final.jar;C:\apache-maven-3.8.7\mvn_response\io\netty\netty-buffer\4.1.85.Final\netty-buffer-4.1.85.Final.jar;C:\apache-maven-3.8.7\mvn_response\io\netty\netty-transport-native-unix-common\4.1.85.Final\netty-transport-native-unix-common-4.1.85.Final.jar;C:\apache-maven-3.8.7\mvn_response\io\netty\netty-codec\4.1.85.Final\netty-codec-4.1.85.Final.jar;C:\apache-maven-3.8.7\mvn_response\io\netty\netty-transport\4.1.85.Final\netty-transport-4.1.85.Final.jar;C:\apache-maven-3.8.7\mvn_response\io\projectreactor\reactor-core\3.4.25\reactor-core-3.4.25.jar;C:\apache-maven-3.8.7\mvn_response\org\reactivestreams\reactive-streams\1.0.4\reactive-streams-1.0.4.jar;C:\apache-maven-3.8.7\mvn_response\org\apache\commons\commons-pool2\2.11.1\commons-pool2-2.11.1.jar;C:\apache-maven-3.8.7\mvn_response\com\alibaba\fastjson\1.2.76\fastjson-1.2.76.jar;C:\apache-maven-3.8.7\mvn_response\cn\dev33\sa-token-spring-boot-starter\1.35.0.RC\sa-token-spring-boot-starter-1.35.0.RC.jar;C:\apache-maven-3.8.7\mvn_response\cn\dev33\sa-token-servlet\1.35.0.RC\sa-token-servlet-1.35.0.RC.jar;C:\apache-maven-3.8.7\mvn_response\cn\dev33\sa-token-core\1.35.0.RC\sa-token-core-1.35.0.RC.jar;C:\apache-maven-3.8.7\mvn_response\cn\dev33\sa-token-spring-boot-autoconfig\1.35.0.RC\sa-token-spring-boot-autoconfig-1.35.0.RC.jar;C:\apache-maven-3.8.7\mvn_response\com\aliyun\dysmsapi20170525\2.0.24\dysmsapi20170525-2.0.24.jar;C:\apache-maven-3.8.7\mvn_response\com\aliyun\tea-util\0.2.18\tea-util-0.2.18.jar;C:\apache-maven-3.8.7\mvn_response\com\aliyun\endpoint-util\0.0.7\endpoint-util-0.0.7.jar;C:\apache-maven-3.8.7\mvn_response\com\aliyun\tea\1.2.0\tea-1.2.0.jar;C:\apache-maven-3.8.7\mvn_response\org\jacoco\org.jacoco.agent\0.8.4\org.jacoco.agent-0.8.4-runtime.jar;C:\apache-maven-3.8.7\mvn_response\com\aliyun\tea-openapi\0.2.8\tea-openapi-0.2.8.jar;C:\apache-maven-3.8.7\mvn_response\com\aliyun\credentials-java\0.2.4\credentials-java-0.2.4.jar;C:\apache-maven-3.8.7\mvn_response\com\sun\xml\bind\jaxb-core\2.3.0\jaxb-core-2.3.0.jar;C:\apache-maven-3.8.7\mvn_response\com\sun\xml\bind\jaxb-impl\2.3.0\jaxb-impl-2.3.0.jar;C:\apache-maven-3.8.7\mvn_response\com\aliyun\alibabacloud-gateway-spi\0.0.1\alibabacloud-gateway-spi-0.0.1.jar;C:\apache-maven-3.8.7\mvn_response\com\aliyun\tea-xml\0.1.5\tea-xml-0.1.5.jar;C:\apache-maven-3.8.7\mvn_response\org\dom4j\dom4j\2.0.3\dom4j-2.0.3.jar;C:\apache-maven-3.8.7\mvn_response\com\aliyun\openapiutil\0.2.1\openapiutil-0.2.1.jar;C:\apache-maven-3.8.7\mvn_response\org\bouncycastle\bcpkix-jdk15on\1.70\bcpkix-jdk15on-1.70.jar;C:\apache-maven-3.8.7\mvn_response\org\bouncycastle\bcutil-jdk15on\1.70\bcutil-jdk15on-1.70.jar;C:\apache-maven-3.8.7\mvn_response\commons-codec\commons-codec\1.15\commons-codec-1.15.jar;C:\apache-maven-3.8.7\mvn_response\com\tencentcloudapi\tencentcloud-sdk-java\3.1.799\tencentcloud-sdk-java-3.1.799.jar;C:\apache-maven-3.8.7\mvn_response\commons-logging\commons-logging\1.2\commons-logging-1.2.jar;C:\apache-maven-3.8.7\mvn_response\com\squareup\okhttp3\okhttp\4.9.3\okhttp-4.9.3.jar;C:\apache-maven-3.8.7\mvn_response\com\squareup\okio\okio\2.8.0\okio-2.8.0.jar;C:\apache-maven-3.8.7\mvn_response\org\jetbrains\kotlin\kotlin-stdlib-common\1.6.21\kotlin-stdlib-common-1.6.21.jar;C:\apache-maven-3.8.7\mvn_response\org\jetbrains\kotlin\kotlin-stdlib\1.6.21\kotlin-stdlib-1.6.21.jar;C:\apache-maven-3.8.7\mvn_response\org\jetbrains\annotations\13.0\annotations-13.0.jar;C:\apache-maven-3.8.7\mvn_response\com\google\code\gson\gson\2.9.1\gson-2.9.1.jar;C:\apache-maven-3.8.7\mvn_response\javax\xml\bind\jaxb-api\2.3.1\jaxb-api-2.3.1.jar;C:\apache-maven-3.8.7\mvn_response\javax\activation\javax.activation-api\1.2.0\javax.activation-api-1.2.0.jar;C:\apache-maven-3.8.7\mvn_response\com\squareup\okhttp3\logging-interceptor\4.9.3\logging-interceptor-4.9.3.jar;C:\apache-maven-3.8.7\mvn_response\org\jetbrains\kotlin\kotlin-stdlib-jdk8\1.6.21\kotlin-stdlib-jdk8-1.6.21.jar;C:\apache-maven-3.8.7\mvn_response\org\jetbrains\kotlin\kotlin-stdlib-jdk7\1.6.21\kotlin-stdlib-jdk7-1.6.21.jar;C:\apache-maven-3.8.7\mvn_response\org\ini4j\ini4j\0.5.4\ini4j-0.5.4.jar;C:\apache-maven-3.8.7\mvn_response\org\jsoup\jsoup\1.16.1\jsoup-1.16.1.jar;C:\apache-maven-3.8.7\mvn_response\com\alipay\sdk\alipay-sdk-java\4.38.72.ALL\alipay-sdk-java-4.38.72.ALL.jar;C:\apache-maven-3.8.7\mvn_response\org\bouncycastle\bcprov-jdk15on\1.62\bcprov-jdk15on-1.62.jar;C:\apache-maven-3.8.7\mvn_response\dom4j\dom4j\1.6.1\dom4j-1.6.1.jar;C:\apache-maven-3.8.7\mvn_response\xml-apis\xml-apis\1.0.b2\xml-apis-1.0.b2.jar;"/>
    <property name="java.vm.vendor" value="Oracle Corporation"/>
    <property name="sun.arch.data.model" value="64"/>
    <property name="user.variant" value=""/>
    <property name="java.vendor.url" value="https://java.oracle.com/"/>
    <property name="user.timezone" value="Asia/Shanghai"/>
    <property name="os.name" value="Windows 11"/>
    <property name="java.vm.specification.version" value="17"/>
    <property name="sun.java.launcher" value="SUN_STANDARD"/>
    <property name="user.country" value="CN"/>
    <property name="sun.boot.library.path" value="C:\Program Files\Java\jdk-17\bin"/>
    <property name="sun.java.command" value="C:\Users\Guaning\AppData\Local\Temp\surefire6649434090161882390\surefirebooter5703186701026485975.jar C:\Users\Guaning\AppData\Local\Temp\surefire6649434090161882390 2023-10-13T22-40-46_689-jvmRun1 surefire16870036575625921642tmp surefire_016506541948231889718tmp"/>
    <property name="jdk.debug" value="release"/>
    <property name="surefire.test.class.path" value="C:\Users\Guaning\Desktop\newlangs-4\newlangs-springboot\target\test-classes;C:\Users\Guaning\Desktop\newlangs-4\newlangs-springboot\target\classes;C:\apache-maven-3.8.7\mvn_response\org\springframework\boot\spring-boot-starter\2.7.6\spring-boot-starter-2.7.6.jar;C:\apache-maven-3.8.7\mvn_response\org\springframework\boot\spring-boot\2.7.6\spring-boot-2.7.6.jar;C:\apache-maven-3.8.7\mvn_response\org\springframework\spring-context\5.3.24\spring-context-5.3.24.jar;C:\apache-maven-3.8.7\mvn_response\org\springframework\boot\spring-boot-autoconfigure\2.7.6\spring-boot-autoconfigure-2.7.6.jar;C:\apache-maven-3.8.7\mvn_response\org\springframework\boot\spring-boot-starter-logging\2.7.6\spring-boot-starter-logging-2.7.6.jar;C:\apache-maven-3.8.7\mvn_response\ch\qos\logback\logback-classic\1.2.11\logback-classic-1.2.11.jar;C:\apache-maven-3.8.7\mvn_response\ch\qos\logback\logback-core\1.2.11\logback-core-1.2.11.jar;C:\apache-maven-3.8.7\mvn_response\org\apache\logging\log4j\log4j-to-slf4j\2.17.2\log4j-to-slf4j-2.17.2.jar;C:\apache-maven-3.8.7\mvn_response\org\apache\logging\log4j\log4j-api\2.17.2\log4j-api-2.17.2.jar;C:\apache-maven-3.8.7\mvn_response\org\slf4j\jul-to-slf4j\1.7.36\jul-to-slf4j-1.7.36.jar;C:\apache-maven-3.8.7\mvn_response\jakarta\annotation\jakarta.annotation-api\1.3.5\jakarta.annotation-api-1.3.5.jar;C:\apache-maven-3.8.7\mvn_response\org\springframework\spring-core\5.3.24\spring-core-5.3.24.jar;C:\apache-maven-3.8.7\mvn_response\org\springframework\spring-jcl\5.3.24\spring-jcl-5.3.24.jar;C:\apache-maven-3.8.7\mvn_response\org\yaml\snakeyaml\1.30\snakeyaml-1.30.jar;C:\apache-maven-3.8.7\mvn_response\org\springframework\boot\spring-boot-starter-web\2.7.6\spring-boot-starter-web-2.7.6.jar;C:\apache-maven-3.8.7\mvn_response\org\springframework\boot\spring-boot-starter-json\2.7.6\spring-boot-starter-json-2.7.6.jar;C:\apache-maven-3.8.7\mvn_response\com\fasterxml\jackson\core\jackson-databind\2.13.4.2\jackson-databind-2.13.4.2.jar;C:\apache-maven-3.8.7\mvn_response\com\fasterxml\jackson\core\jackson-annotations\2.13.4\jackson-annotations-2.13.4.jar;C:\apache-maven-3.8.7\mvn_response\com\fasterxml\jackson\core\jackson-core\2.13.4\jackson-core-2.13.4.jar;C:\apache-maven-3.8.7\mvn_response\com\fasterxml\jackson\datatype\jackson-datatype-jdk8\2.13.4\jackson-datatype-jdk8-2.13.4.jar;C:\apache-maven-3.8.7\mvn_response\com\fasterxml\jackson\datatype\jackson-datatype-jsr310\2.13.4\jackson-datatype-jsr310-2.13.4.jar;C:\apache-maven-3.8.7\mvn_response\com\fasterxml\jackson\module\jackson-module-parameter-names\2.13.4\jackson-module-parameter-names-2.13.4.jar;C:\apache-maven-3.8.7\mvn_response\org\springframework\boot\spring-boot-starter-tomcat\2.7.6\spring-boot-starter-tomcat-2.7.6.jar;C:\apache-maven-3.8.7\mvn_response\org\apache\tomcat\embed\tomcat-embed-core\9.0.69\tomcat-embed-core-9.0.69.jar;C:\apache-maven-3.8.7\mvn_response\org\apache\tomcat\embed\tomcat-embed-el\9.0.69\tomcat-embed-el-9.0.69.jar;C:\apache-maven-3.8.7\mvn_response\org\apache\tomcat\embed\tomcat-embed-websocket\9.0.69\tomcat-embed-websocket-9.0.69.jar;C:\apache-maven-3.8.7\mvn_response\org\springframework\spring-web\5.3.24\spring-web-5.3.24.jar;C:\apache-maven-3.8.7\mvn_response\org\springframework\spring-beans\5.3.24\spring-beans-5.3.24.jar;C:\apache-maven-3.8.7\mvn_response\org\springframework\spring-webmvc\5.3.24\spring-webmvc-5.3.24.jar;C:\apache-maven-3.8.7\mvn_response\org\springframework\spring-aop\5.3.24\spring-aop-5.3.24.jar;C:\apache-maven-3.8.7\mvn_response\org\springframework\spring-expression\5.3.24\spring-expression-5.3.24.jar;C:\apache-maven-3.8.7\mvn_response\org\springframework\boot\spring-boot-starter-test\2.7.6\spring-boot-starter-test-2.7.6.jar;C:\apache-maven-3.8.7\mvn_response\org\springframework\boot\spring-boot-test\2.7.6\spring-boot-test-2.7.6.jar;C:\apache-maven-3.8.7\mvn_response\org\springframework\boot\spring-boot-test-autoconfigure\2.7.6\spring-boot-test-autoconfigure-2.7.6.jar;C:\apache-maven-3.8.7\mvn_response\com\jayway\jsonpath\json-path\2.7.0\json-path-2.7.0.jar;C:\apache-maven-3.8.7\mvn_response\net\minidev\json-smart\2.4.8\json-smart-2.4.8.jar;C:\apache-maven-3.8.7\mvn_response\net\minidev\accessors-smart\2.4.8\accessors-smart-2.4.8.jar;C:\apache-maven-3.8.7\mvn_response\org\ow2\asm\asm\9.1\asm-9.1.jar;C:\apache-maven-3.8.7\mvn_response\jakarta\xml\bind\jakarta.xml.bind-api\2.3.3\jakarta.xml.bind-api-2.3.3.jar;C:\apache-maven-3.8.7\mvn_response\jakarta\activation\jakarta.activation-api\1.2.2\jakarta.activation-api-1.2.2.jar;C:\apache-maven-3.8.7\mvn_response\org\assertj\assertj-core\3.22.0\assertj-core-3.22.0.jar;C:\apache-maven-3.8.7\mvn_response\org\hamcrest\hamcrest\2.2\hamcrest-2.2.jar;C:\apache-maven-3.8.7\mvn_response\org\junit\jupiter\junit-jupiter\5.8.2\junit-jupiter-5.8.2.jar;C:\apache-maven-3.8.7\mvn_response\org\junit\jupiter\junit-jupiter-api\5.8.2\junit-jupiter-api-5.8.2.jar;C:\apache-maven-3.8.7\mvn_response\org\opentest4j\opentest4j\1.2.0\opentest4j-1.2.0.jar;C:\apache-maven-3.8.7\mvn_response\org\junit\platform\junit-platform-commons\1.8.2\junit-platform-commons-1.8.2.jar;C:\apache-maven-3.8.7\mvn_response\org\apiguardian\apiguardian-api\1.1.2\apiguardian-api-1.1.2.jar;C:\apache-maven-3.8.7\mvn_response\org\junit\jupiter\junit-jupiter-params\5.8.2\junit-jupiter-params-5.8.2.jar;C:\apache-maven-3.8.7\mvn_response\org\junit\jupiter\junit-jupiter-engine\5.8.2\junit-jupiter-engine-5.8.2.jar;C:\apache-maven-3.8.7\mvn_response\org\junit\platform\junit-platform-engine\1.8.2\junit-platform-engine-1.8.2.jar;C:\apache-maven-3.8.7\mvn_response\org\mockito\mockito-core\4.5.1\mockito-core-4.5.1.jar;C:\apache-maven-3.8.7\mvn_response\net\bytebuddy\byte-buddy\1.12.19\byte-buddy-1.12.19.jar;C:\apache-maven-3.8.7\mvn_response\net\bytebuddy\byte-buddy-agent\1.12.19\byte-buddy-agent-1.12.19.jar;C:\apache-maven-3.8.7\mvn_response\org\objenesis\objenesis\3.2\objenesis-3.2.jar;C:\apache-maven-3.8.7\mvn_response\org\mockito\mockito-junit-jupiter\4.5.1\mockito-junit-jupiter-4.5.1.jar;C:\apache-maven-3.8.7\mvn_response\org\skyscreamer\jsonassert\1.5.1\jsonassert-1.5.1.jar;C:\apache-maven-3.8.7\mvn_response\com\vaadin\external\google\android-json\0.0.20131108.vaadin1\android-json-0.0.20131108.vaadin1.jar;C:\apache-maven-3.8.7\mvn_response\org\springframework\spring-test\5.3.24\spring-test-5.3.24.jar;C:\apache-maven-3.8.7\mvn_response\org\xmlunit\xmlunit-core\2.9.0\xmlunit-core-2.9.0.jar;C:\apache-maven-3.8.7\mvn_response\com\baomidou\mybatis-plus-boot-starter\3.5.3.1\mybatis-plus-boot-starter-3.5.3.1.jar;C:\apache-maven-3.8.7\mvn_response\com\baomidou\mybatis-plus\3.5.3.1\mybatis-plus-3.5.3.1.jar;C:\apache-maven-3.8.7\mvn_response\com\baomidou\mybatis-plus-extension\3.5.3.1\mybatis-plus-extension-3.5.3.1.jar;C:\apache-maven-3.8.7\mvn_response\com\baomidou\mybatis-plus-core\3.5.3.1\mybatis-plus-core-3.5.3.1.jar;C:\apache-maven-3.8.7\mvn_response\com\baomidou\mybatis-plus-annotation\3.5.3.1\mybatis-plus-annotation-3.5.3.1.jar;C:\apache-maven-3.8.7\mvn_response\com\github\jsqlparser\jsqlparser\4.4\jsqlparser-4.4.jar;C:\apache-maven-3.8.7\mvn_response\org\mybatis\mybatis\3.5.10\mybatis-3.5.10.jar;C:\apache-maven-3.8.7\mvn_response\org\mybatis\mybatis-spring\2.0.7\mybatis-spring-2.0.7.jar;C:\apache-maven-3.8.7\mvn_response\org\springframework\boot\spring-boot-starter-jdbc\2.7.6\spring-boot-starter-jdbc-2.7.6.jar;C:\apache-maven-3.8.7\mvn_response\com\zaxxer\HikariCP\4.0.3\HikariCP-4.0.3.jar;C:\apache-maven-3.8.7\mvn_response\org\springframework\spring-jdbc\5.3.24\spring-jdbc-5.3.24.jar;C:\apache-maven-3.8.7\mvn_response\mysql\mysql-connector-java\8.0.28\mysql-connector-java-8.0.28.jar;C:\apache-maven-3.8.7\mvn_response\com\alibaba\druid-spring-boot-starter\1.2.16\druid-spring-boot-starter-1.2.16.jar;C:\apache-maven-3.8.7\mvn_response\com\alibaba\druid\1.2.16\druid-1.2.16.jar;C:\apache-maven-3.8.7\mvn_response\org\slf4j\slf4j-api\1.7.36\slf4j-api-1.7.36.jar;C:\apache-maven-3.8.7\mvn_response\org\projectlombok\lombok\1.18.26\lombok-1.18.26.jar;C:\apache-maven-3.8.7\mvn_response\cn\hutool\hutool-all\5.8.15\hutool-all-5.8.15.jar;C:\apache-maven-3.8.7\mvn_response\com\sun\mail\javax.mail\1.6.2\javax.mail-1.6.2.jar;C:\apache-maven-3.8.7\mvn_response\javax\activation\activation\1.1\activation-1.1.jar;C:\apache-maven-3.8.7\mvn_response\org\springframework\boot\spring-boot-starter-data-redis\2.7.6\spring-boot-starter-data-redis-2.7.6.jar;C:\apache-maven-3.8.7\mvn_response\org\springframework\data\spring-data-redis\2.7.6\spring-data-redis-2.7.6.jar;C:\apache-maven-3.8.7\mvn_response\org\springframework\data\spring-data-keyvalue\2.7.6\spring-data-keyvalue-2.7.6.jar;C:\apache-maven-3.8.7\mvn_response\org\springframework\data\spring-data-commons\2.7.6\spring-data-commons-2.7.6.jar;C:\apache-maven-3.8.7\mvn_response\org\springframework\spring-tx\5.3.24\spring-tx-5.3.24.jar;C:\apache-maven-3.8.7\mvn_response\org\springframework\spring-oxm\5.3.24\spring-oxm-5.3.24.jar;C:\apache-maven-3.8.7\mvn_response\org\springframework\spring-context-support\5.3.24\spring-context-support-5.3.24.jar;C:\apache-maven-3.8.7\mvn_response\io\lettuce\lettuce-core\6.1.10.RELEASE\lettuce-core-6.1.10.RELEASE.jar;C:\apache-maven-3.8.7\mvn_response\io\netty\netty-common\4.1.85.Final\netty-common-4.1.85.Final.jar;C:\apache-maven-3.8.7\mvn_response\io\netty\netty-handler\4.1.85.Final\netty-handler-4.1.85.Final.jar;C:\apache-maven-3.8.7\mvn_response\io\netty\netty-resolver\4.1.85.Final\netty-resolver-4.1.85.Final.jar;C:\apache-maven-3.8.7\mvn_response\io\netty\netty-buffer\4.1.85.Final\netty-buffer-4.1.85.Final.jar;C:\apache-maven-3.8.7\mvn_response\io\netty\netty-transport-native-unix-common\4.1.85.Final\netty-transport-native-unix-common-4.1.85.Final.jar;C:\apache-maven-3.8.7\mvn_response\io\netty\netty-codec\4.1.85.Final\netty-codec-4.1.85.Final.jar;C:\apache-maven-3.8.7\mvn_response\io\netty\netty-transport\4.1.85.Final\netty-transport-4.1.85.Final.jar;C:\apache-maven-3.8.7\mvn_response\io\projectreactor\reactor-core\3.4.25\reactor-core-3.4.25.jar;C:\apache-maven-3.8.7\mvn_response\org\reactivestreams\reactive-streams\1.0.4\reactive-streams-1.0.4.jar;C:\apache-maven-3.8.7\mvn_response\org\apache\commons\commons-pool2\2.11.1\commons-pool2-2.11.1.jar;C:\apache-maven-3.8.7\mvn_response\com\alibaba\fastjson\1.2.76\fastjson-1.2.76.jar;C:\apache-maven-3.8.7\mvn_response\cn\dev33\sa-token-spring-boot-starter\1.35.0.RC\sa-token-spring-boot-starter-1.35.0.RC.jar;C:\apache-maven-3.8.7\mvn_response\cn\dev33\sa-token-servlet\1.35.0.RC\sa-token-servlet-1.35.0.RC.jar;C:\apache-maven-3.8.7\mvn_response\cn\dev33\sa-token-core\1.35.0.RC\sa-token-core-1.35.0.RC.jar;C:\apache-maven-3.8.7\mvn_response\cn\dev33\sa-token-spring-boot-autoconfig\1.35.0.RC\sa-token-spring-boot-autoconfig-1.35.0.RC.jar;C:\apache-maven-3.8.7\mvn_response\com\aliyun\dysmsapi20170525\2.0.24\dysmsapi20170525-2.0.24.jar;C:\apache-maven-3.8.7\mvn_response\com\aliyun\tea-util\0.2.18\tea-util-0.2.18.jar;C:\apache-maven-3.8.7\mvn_response\com\aliyun\endpoint-util\0.0.7\endpoint-util-0.0.7.jar;C:\apache-maven-3.8.7\mvn_response\com\aliyun\tea\1.2.0\tea-1.2.0.jar;C:\apache-maven-3.8.7\mvn_response\org\jacoco\org.jacoco.agent\0.8.4\org.jacoco.agent-0.8.4-runtime.jar;C:\apache-maven-3.8.7\mvn_response\com\aliyun\tea-openapi\0.2.8\tea-openapi-0.2.8.jar;C:\apache-maven-3.8.7\mvn_response\com\aliyun\credentials-java\0.2.4\credentials-java-0.2.4.jar;C:\apache-maven-3.8.7\mvn_response\com\sun\xml\bind\jaxb-core\2.3.0\jaxb-core-2.3.0.jar;C:\apache-maven-3.8.7\mvn_response\com\sun\xml\bind\jaxb-impl\2.3.0\jaxb-impl-2.3.0.jar;C:\apache-maven-3.8.7\mvn_response\com\aliyun\alibabacloud-gateway-spi\0.0.1\alibabacloud-gateway-spi-0.0.1.jar;C:\apache-maven-3.8.7\mvn_response\com\aliyun\tea-xml\0.1.5\tea-xml-0.1.5.jar;C:\apache-maven-3.8.7\mvn_response\org\dom4j\dom4j\2.0.3\dom4j-2.0.3.jar;C:\apache-maven-3.8.7\mvn_response\com\aliyun\openapiutil\0.2.1\openapiutil-0.2.1.jar;C:\apache-maven-3.8.7\mvn_response\org\bouncycastle\bcpkix-jdk15on\1.70\bcpkix-jdk15on-1.70.jar;C:\apache-maven-3.8.7\mvn_response\org\bouncycastle\bcutil-jdk15on\1.70\bcutil-jdk15on-1.70.jar;C:\apache-maven-3.8.7\mvn_response\commons-codec\commons-codec\1.15\commons-codec-1.15.jar;C:\apache-maven-3.8.7\mvn_response\com\tencentcloudapi\tencentcloud-sdk-java\3.1.799\tencentcloud-sdk-java-3.1.799.jar;C:\apache-maven-3.8.7\mvn_response\commons-logging\commons-logging\1.2\commons-logging-1.2.jar;C:\apache-maven-3.8.7\mvn_response\com\squareup\okhttp3\okhttp\4.9.3\okhttp-4.9.3.jar;C:\apache-maven-3.8.7\mvn_response\com\squareup\okio\okio\2.8.0\okio-2.8.0.jar;C:\apache-maven-3.8.7\mvn_response\org\jetbrains\kotlin\kotlin-stdlib-common\1.6.21\kotlin-stdlib-common-1.6.21.jar;C:\apache-maven-3.8.7\mvn_response\org\jetbrains\kotlin\kotlin-stdlib\1.6.21\kotlin-stdlib-1.6.21.jar;C:\apache-maven-3.8.7\mvn_response\org\jetbrains\annotations\13.0\annotations-13.0.jar;C:\apache-maven-3.8.7\mvn_response\com\google\code\gson\gson\2.9.1\gson-2.9.1.jar;C:\apache-maven-3.8.7\mvn_response\javax\xml\bind\jaxb-api\2.3.1\jaxb-api-2.3.1.jar;C:\apache-maven-3.8.7\mvn_response\javax\activation\javax.activation-api\1.2.0\javax.activation-api-1.2.0.jar;C:\apache-maven-3.8.7\mvn_response\com\squareup\okhttp3\logging-interceptor\4.9.3\logging-interceptor-4.9.3.jar;C:\apache-maven-3.8.7\mvn_response\org\jetbrains\kotlin\kotlin-stdlib-jdk8\1.6.21\kotlin-stdlib-jdk8-1.6.21.jar;C:\apache-maven-3.8.7\mvn_response\org\jetbrains\kotlin\kotlin-stdlib-jdk7\1.6.21\kotlin-stdlib-jdk7-1.6.21.jar;C:\apache-maven-3.8.7\mvn_response\org\ini4j\ini4j\0.5.4\ini4j-0.5.4.jar;C:\apache-maven-3.8.7\mvn_response\org\jsoup\jsoup\1.16.1\jsoup-1.16.1.jar;C:\apache-maven-3.8.7\mvn_response\com\alipay\sdk\alipay-sdk-java\4.38.72.ALL\alipay-sdk-java-4.38.72.ALL.jar;C:\apache-maven-3.8.7\mvn_response\org\bouncycastle\bcprov-jdk15on\1.62\bcprov-jdk15on-1.62.jar;C:\apache-maven-3.8.7\mvn_response\dom4j\dom4j\1.6.1\dom4j-1.6.1.jar;C:\apache-maven-3.8.7\mvn_response\xml-apis\xml-apis\1.0.b2\xml-apis-1.0.b2.jar;"/>
    <property name="sun.cpu.endian" value="little"/>
    <property name="user.home" value="C:\Users\Guaning"/>
    <property name="user.language" value="zh"/>
    <property name="java.specification.vendor" value="Oracle Corporation"/>
    <property name="java.version.date" value="2023-01-17"/>
    <property name="java.home" value="C:\Program Files\Java\jdk-17"/>
    <property name="file.separator" value="\"/>
    <property name="basedir" value="C:\Users\Guaning\Desktop\newlangs-4\newlangs-springboot"/>
    <property name="java.vm.compressedOopsMode" value="Zero based"/>
    <property name="line.separator" value="&#10;"/>
    <property name="java.vm.specification.vendor" value="Oracle Corporation"/>
    <property name="java.specification.name" value="Java Platform API Specification"/>
    <property name="surefire.real.class.path" value="C:\Users\Guaning\AppData\Local\Temp\surefire6649434090161882390\surefirebooter5703186701026485975.jar"/>
    <property name="user.script" value=""/>
    <property name="sun.management.compiler" value="HotSpot 64-Bit Tiered Compilers"/>
    <property name="java.runtime.version" value="17.0.6+9-LTS-190"/>
    <property name="user.name" value="Guaning"/>
    <property name="path.separator" value=";"/>
    <property name="os.version" value="10.0"/>
    <property name="java.runtime.name" value="Java(TM) SE Runtime Environment"/>
    <property name="file.encoding" value="GBK"/>
    <property name="java.vm.name" value="Java HotSpot(TM) 64-Bit Server VM"/>
    <property name="localRepository" value="C:\apache-maven-3.8.7\mvn_response"/>
    <property name="java.vendor.url.bug" value="https://bugreport.java.com/bugreport/"/>
    <property name="java.io.tmpdir" value="C:\Users\Guaning\AppData\Local\Temp\"/>
    <property name="idea.version" value="2023.2.3"/>
    <property name="java.version" value="17.0.6"/>
    <property name="user.dir" value="C:\Users\Guaning\Desktop\newlangs-4\newlangs-springboot"/>
    <property name="os.arch" value="amd64"/>
    <property name="java.vm.specification.name" value="Java Virtual Machine Specification"/>
    <property name="sun.os.patch.level" value=""/>
    <property name="native.encoding" value="GBK"/>
    <property name="java.library.path" value="C:\Program Files\Java\jdk-17\bin;C:\WINDOWS\Sun\Java\bin;C:\WINDOWS\system32;C:\WINDOWS;C:\Program Files\Common Files\Oracle\Java\javapath;C:\Program Files (x86)\Common Files\Oracle\Java\javapath;C:\Program Files\Java\jdk-17\bin;C:\Program Files\Java\jdk-17\jre\bin;C:\Program Files (x86)\VMware\VMware Workstation\bin\;C:\Windows\system32;C:\Windows;C:\Windows\System32\Wbem;C:\Windows\System32\WindowsPowerShell\v1.0\;C:\Windows\System32\OpenSSH\;C:\Program Files\NVIDIA Corporation\NVIDIA NvDLISR;C:\Program Files (x86)\NVIDIA Corporation\PhysX\Common;C:\Program Files\Microsoft SQL Server\Client SDK\ODBC\170\Tools\Binn\;C:\Program Files (x86)\Microsoft SQL Server\150\Tools\Binn\;C:\Program Files\Microsoft SQL Server\150\Tools\Binn\;C:\Program Files\Microsoft SQL Server\150\DTS\Binn\;C:\Program Files\nodejs\;%Syste;Root%\system32;C:\WINDOWS;C:\WINDOWS\System32\Wbem;C:\WINDOWS\System32\WindowsPowerShell\v1.0\;C:\WINDOWS\System32\OpenSSH\;C:\Program Files (x86)\FFmpeg\bin;C:\Program Files\Bandizip\;C:\WINDOWS\System32\Wbem;C:\mysql-8.0.34-winx64\bin;C:\apache-maven-3.8.7\bin;C:\Program Files (x86)\Tencent\微信web开发者工具\dll;;C:\WINDOWS\system32\config\systemprofile\AppData\Local\Microsoft\WindowsApps;%PNPM_HOME%;C:\Users\Guaning\AppData\Local\Microsoft\WindowsApps;C:\Users\Guaning\AppData\Local\Programs\Microsoft VS Code\bin;C:\Program Files\Azure Data Studio\bin;C:\Program Files\JetBrains\DataGrip 2022.1\bin;C:\Program Files\JetBrains\WebStorm 2022.2.2\bin;C:\Program Files\JetBrains\PhpStorm 2021.3.3\bin;C:\Users\Guaning\AppData\Roaming\npm;C:\Program Files\JetBrains\IntelliJ IDEA 2022.2.1\bin;C:\Program Files\JetBrains\PyCharm 2022.2.1\bin;C:\Program Files\Git;C:\Program Files\Git\mingw64;C:\Program Files\Git\mingw64\libexec\git-core;C:\Users\Guaning\.dotnet\tools;C:\Users\Guaning\AppData\Local\JetBrains\Toolbox\scripts;C:\Program Files\JetBrains\CLion 2022.2.4\bin;C:\Users\Guaning\AppData\Local\Programs\Fiddler;."/>
    <property name="java.vm.info" value="mixed mode, sharing"/>
    <property name="java.vendor" value="Oracle Corporation"/>
    <property name="java.vm.version" value="17.0.6+9-LTS-190"/>
    <property name="sun.io.unicode.encoding" value="UnicodeLittle"/>
    <property name="java.class.version" value="61.0"/>
  </properties>
  <testcase name="scan" classname="com.guaning.newlangs.NewlangsSpringbootApplicationTests" time="4.406"/>
</testsuite>